2025-06-15 11:42:09 INFO  Utils:112 - [Utils] MethodGroupsHelper.collectMethodsByGroup() took 1 ms.
2025-06-15 11:42:09 INFO  Utils:112 - [Utils] MethodGroupsHelper.sortMethods() took 2 ms.
2025-06-15 11:42:09 INFO  Utils:112 - [Utils] MethodGroupsHelper.collectMethodsByGroup() took 0 ms.
2025-06-15 11:42:09 INFO  Utils:112 - [Utils] MethodGroupsHelper.sortMethods() took 0 ms.
2025-06-15 11:42:09 INFO  Utils:112 - [Utils] MethodGroupsHelper.collectMethodsByGroup() took 0 ms.
2025-06-15 11:42:09 INFO  Utils:112 - [Utils] MethodGroupsHelper.sortMethods() took 0 ms.
2025-06-15 11:42:09 INFO  Utils:112 - [Utils] MethodGroupsHelper.collectMethodsByGroup() took 0 ms.
2025-06-15 11:42:09 INFO  Utils:112 - [Utils] MethodGroupsHelper.sortMethods() took 0 ms.
2025-06-15 11:42:09 INFO  Utils:112 - [Utils] MethodGroupsHelper.collectMethodsByGroup() took 7 ms.
2025-06-15 11:42:09 INFO  Utils:112 - [Utils] MethodGroupsHelper.sortMethods() took 18 ms.
2025-06-15 11:42:09 INFO  Utils:112 - [Utils] MethodGroupsHelper.collectMethodsByGroup() took 0 ms.
2025-06-15 11:42:09 INFO  Utils:112 - [Utils] MethodGroupsHelper.sortMethods() took 0 ms.
2025-06-15 11:42:09 INFO  Utils:112 - [Utils] MethodGroupsHelper.collectMethodsByGroup() took 0 ms.
2025-06-15 11:42:09 INFO  Utils:112 - [Utils] MethodGroupsHelper.sortMethods() took 0 ms.
2025-06-15 11:42:09 INFO  Utils:112 - [Utils] MethodGroupsHelper.collectMethodsByGroup() took 0 ms.
2025-06-15 11:42:09 INFO  Utils:112 - [Utils] MethodGroupsHelper.sortMethods() took 0 ms.
2025-06-15 11:42:09 INFO  Utils:112 - [Utils] MethodGroupsHelper.collectMethodsByGroup() took 0 ms.
2025-06-15 11:42:09 INFO  Utils:112 - [Utils] MethodGroupsHelper.sortMethods() took 0 ms.
2025-06-15 11:42:09 INFO  Utils:112 - [Utils] MethodGroupsHelper.collectMethodsByGroup() took 0 ms.
2025-06-15 11:42:09 INFO  Utils:112 - [Utils] MethodGroupsHelper.sortMethods() took 0 ms.
2025-06-15 11:42:09 INFO  Utils:112 - [Utils] MethodGroupsHelper.collectMethodsByGroup() took 0 ms.
2025-06-15 11:42:09 INFO  Utils:112 - [Utils] MethodGroupsHelper.sortMethods() took 0 ms.
2025-06-15 11:42:09 INFO  Utils:112 - [Utils] MethodGroupsHelper.collectMethodsByGroup() took 0 ms.
2025-06-15 11:42:09 INFO  Utils:112 - [Utils] MethodGroupsHelper.sortMethods() took 0 ms.
2025-06-15 11:42:09 INFO  Utils:112 - [Utils] MethodGroupsHelper.collectMethodsByGroup() took 0 ms.
2025-06-15 11:42:09 INFO  Utils:112 - [Utils] MethodGroupsHelper.sortMethods() took 0 ms.
2025-06-15 11:42:09 INFO  Utils:112 - [Utils] MethodGroupsHelper.collectMethodsByGroup() took 0 ms.
2025-06-15 11:42:09 INFO  Utils:112 - [Utils] MethodGroupsHelper.sortMethods() took 0 ms.
2025-06-15 11:42:09 INFO  Utils:112 - [Utils] MethodGroupsHelper.collectMethodsByGroup() took 0 ms.
2025-06-15 11:42:09 INFO  Utils:112 - [Utils] MethodGroupsHelper.sortMethods() took 0 ms.
2025-06-15 11:42:09 INFO  Utils:112 - [TestNG] Running:
  C:\Users\www.abcom.in\AppData\Local\Temp\testng-eclipse-850702856\testng-customsuite.xml

2025-06-15 11:42:09 INFO  Utils:112 - [Utils] DynamicGraphHelper.createDynamicGraph() took 12 ms.
2025-06-15 11:42:12 INFO  Utils:112 - [TestNG] Time taken by org.testng.reporters.SuiteHTMLReporter@5af97169: 77 ms
2025-06-15 11:42:12 INFO  Utils:112 - [TestNG] Time taken by org.testng.reporters.jq.Main@65bcf7c2: 292 ms
2025-06-15 11:42:12 INFO  Utils:112 - [TestNG] Time taken by org.testng.reporters.FailedReporter@4930539b: 26 ms
2025-06-15 11:42:12 INFO  Utils:112 - [TestNG] Time taken by org.testng.reporters.XMLReporter@6fc3e1a4: 23 ms
2025-06-15 11:42:12 INFO  Utils:112 - [TestNG] Time taken by org.testng.reporters.EmailableReporter2@6d4c273c: 15 ms
2025-06-15 11:42:12 INFO  Utils:112 - [TestNG] Time taken by org.testng.reporters.JUnitReportReporter@253b380a: 10 ms
2025-06-15 11:42:12 INFO  Utils:112 - [TestNG] Time taken by org.testng.internal.ExitCodeListener@29c2c826: 0 ms
2025-06-15 18:06:33 WARN  TestNGContentHandler:133 - It is strongly recommended to add "<!DOCTYPE suite SYSTEM "https://testng.org/testng-1.0.dtd" >" at the top of the suite file [C:\Users\www.abcom.in\Desktop\Selenium automation\Proect_V002\master.xml] otherwise TestNG may fail or not work as expected.
2025-06-15 18:06:33 INFO  Utils:112 - [TestNG] Running:
  C:\Users\www.abcom.in\Desktop\Selenium automation\Proect_V002\master.xml

2025-06-15 18:06:46 INFO  TC_001_AccountRegistrationTest:15 - Strating TC_001_AccountRegistrationtTest
2025-06-15 18:06:54 INFO  TC_001_AccountRegistrationTest:19 - Clicked on My Account 
2025-06-15 18:06:55 INFO  TC_001_AccountRegistrationTest:22 - Clicked on Register 
2025-06-15 18:06:55 INFO  TC_001_AccountRegistrationTest:27 - Provided First Name 
2025-06-15 18:06:56 INFO  TC_001_AccountRegistrationTest:30 - Provided Last Name 
2025-06-15 18:06:56 INFO  TC_001_AccountRegistrationTest:34 - Provided Email 
2025-06-15 18:06:56 INFO  TC_001_AccountRegistrationTest:37 - Provided Telephone 
2025-06-15 18:06:56 INFO  TC_001_AccountRegistrationTest:40 - Provided Password 
2025-06-15 18:06:56 INFO  TC_001_AccountRegistrationTest:43 - Provided Confrmed Password 
2025-06-15 18:06:56 INFO  TC_001_AccountRegistrationTest:46 - Set Privacy Policy 
2025-06-15 18:06:57 INFO  TC_001_AccountRegistrationTest:49 - Clicked on Continue 
2025-06-15 18:06:59 INFO  TC_001_AccountRegistrationTest:61 - Finished TC_001_AccountRegistrationtTest
2025-06-15 18:07:04 INFO  TC_002_LoginTest:16 - Starting TC_002_LoginTest
